app/build/intermediates/manifest_merge_blame_file/debug/processDebugMainManifest/manifest-merger-blame-debug-report.txt
1<?xml version="1.0" encoding="utf-8"?>
2<!--
3  ── Hermes Agent for Android ───────────────────────────────────────────
4  AndroidManifest.xml — Target API 36 (Android 16)
5
6  Permission Transparency (Proverbs 4:23 NLT):
7  "Guard your heart above all else, for it determines the course of your life."
8  Every runtime permission is declared with explicit documentation of its
9  purpose. The app operates offline-first with zero third-party tracker SDKs,
10  telemetry, or data harvesting.
11
12  Permissions Reference (2026 Google Play Console compliance):
13  ┌──────────────────────────────┬─────────────────────────────────────────┐
14  │ Permission                   │ Purpose                                 │
15  ├──────────────────────────────┼─────────────────────────────────────────┤
16  │ INTERNET                     │ LLM provider API calls + Web search     │
17  │ ACCESS_NETWORK_STATE         │ Detect connectivity for offline mode    │
18  │ ACCESS_WIFI_STATE            │ WiFi-aware local LLM routing            │
19  │ RECORD_AUDIO                 │ Voice input / STT (faster-whisper)      │
20  │ CAMERA                       │ Camera capture for vision tool          │
21  │ ACCESS_FINE_LOCATION         │ GPS location for LocationTool           │
22  │ ACCESS_COARSE_LOCATION       │ Approximate location for LocationTool   │
23  │ READ_CONTACTS                │ Contact lookup for ContactsTool         │
24  │ READ_SMS                     │ Search SMS messages for SmsTool         │
25  │ SEND_SMS                     │ Send SMS via SmsTool (w/ confirmation)  │
26  │ READ_CALENDAR                │ Read calendar events for CalendarTool   │
27  │ WRITE_CALENDAR               │ Create calendar events                  │
28  │ READ_PHONE_STATE             │ Call log / device info for PhoneTool    │
29  │ POST_NOTIFICATIONS           │ Background agent status notifications   │
30  │ FOREGROUND_SERVICE_DATA_SYNC │ Persistent gateway/agent service        │
31  │ RECEIVE_BOOT_COMPLETED       │ Restart agent service after device boot │
32  │ VIBRATE                      │ Haptic feedback on agent responses      │
33  │ WAKE_LOCK                    │ Keep agent processing on lock screen    │
34  │ BLUETOOTH                    │ Bluetooth device discovery              │
35  └──────────────────────────────┴─────────────────────────────────────────┘
36-->
37<manifest xmlns:android="http://schemas.android.com/apk/res/android"
38    package="com.nousresearch.hermes.agent"
39    android:versionCode="1"
40    android:versionName="0.18.2" >
41
42    <uses-sdk
43        android:minSdkVersion="26"
44        android:targetSdkVersion="36" />
45
46    <!-- ── Network ─────────────────────────────────────────────────── -->
47    <!-- Local WebSocket gateway connection to Python backend -->
48    <uses-permission android:name="android.permission.INTERNET" />
48-->src/main/AndroidManifest.xml:43:5-67
48-->src/main/AndroidManifest.xml:43:22-64
49    <uses-permission android:name="android.permission.ACCESS_NETWORK_STATE" />
49-->src/main/AndroidManifest.xml:44:5-79
49-->src/main/AndroidManifest.xml:44:22-76
50    <uses-permission android:name="android.permission.ACCESS_WIFI_STATE" />
50-->src/main/AndroidManifest.xml:45:5-76
50-->src/main/AndroidManifest.xml:45:22-73
51
52    <!-- ── Audio (Voice Input) ─────────────────────────────────────── -->
53    <!-- Microphone for speech-to-text via local faster-whisper -->
54    <uses-permission android:name="android.permission.RECORD_AUDIO" />
54-->src/main/AndroidManifest.xml:49:5-71
54-->src/main/AndroidManifest.xml:49:22-68
55    <uses-permission android:name="android.permission.MODIFY_AUDIO_SETTINGS" />
55-->src/main/AndroidManifest.xml:50:5-80
55-->src/main/AndroidManifest.xml:50:22-77
56
57    <!-- ── Camera (Vision Tool) ────────────────────────────────────── -->
58    <!-- Capture images for on-device vision analysis -->
59    <uses-permission android:name="android.permission.CAMERA" />
59-->src/main/AndroidManifest.xml:54:5-65
59-->src/main/AndroidManifest.xml:54:22-62
60
61    <!-- ── Location (Geolocation Tool) ─────────────────────────────── -->
62    <!-- GPS and network-based location for LocationTool -->
63    <uses-permission android:name="android.permission.ACCESS_FINE_LOCATION" />
63-->src/main/AndroidManifest.xml:58:5-79
63-->src/main/AndroidManifest.xml:58:22-76
64    <uses-permission android:name="android.permission.ACCESS_COARSE_LOCATION" />
64-->src/main/AndroidManifest.xml:59:5-81
64-->src/main/AndroidManifest.xml:59:22-78
65    <uses-permission android:name="android.permission.ACCESS_BACKGROUND_LOCATION" />
65-->src/main/AndroidManifest.xml:60:5-85
65-->src/main/AndroidManifest.xml:60:22-82
66
67    <!-- ── Contacts (ContactsTool) ─────────────────────────────────── -->
68    <!-- Look up phone numbers, emails, and addresses for contacts -->
69    <uses-permission android:name="android.permission.READ_CONTACTS" />
69-->src/main/AndroidManifest.xml:64:5-72
69-->src/main/AndroidManifest.xml:64:22-69
70    <uses-permission android:name="android.permission.WRITE_CONTACTS" />
70-->src/main/AndroidManifest.xml:65:5-73
70-->src/main/AndroidManifest.xml:65:22-70
71
72    <!-- ── SMS (Messaging Tool) ────────────────────────────────────── -->
73    <!-- Search and send SMS messages (send requires user confirmation) -->
74    <uses-permission android:name="android.permission.READ_SMS" />
74-->src/main/AndroidManifest.xml:69:5-67
74-->src/main/AndroidManifest.xml:69:22-64
75    <uses-permission android:name="android.permission.SEND_SMS" />
75-->src/main/AndroidManifest.xml:70:5-67
75-->src/main/AndroidManifest.xml:70:22-64
76
77    <!-- ── Calendar (CalendarTool) ─────────────────────────────────── -->
78    <!-- Read and create calendar events -->
79    <uses-permission android:name="android.permission.READ_CALENDAR" />
79-->src/main/AndroidManifest.xml:74:5-72
79-->src/main/AndroidManifest.xml:74:22-69
80    <uses-permission android:name="android.permission.WRITE_CALENDAR" />
80-->src/main/AndroidManifest.xml:75:5-73
80-->src/main/AndroidManifest.xml:75:22-70
81
82    <!-- ── Phone (PhoneTool) ───────────────────────────────────────── -->
83    <!-- Access call log and device telephony information -->
84    <uses-permission android:name="android.permission.READ_PHONE_STATE" />
84-->src/main/AndroidManifest.xml:79:5-75
84-->src/main/AndroidManifest.xml:79:22-72
85
86    <!-- ── Bluetooth ───────────────────────────────────────────────── -->
87    <!-- Permissions required for Android 13+ notification permission -->
88    <uses-permission android:name="android.permission.POST_NOTIFICATIONS" />
88-->src/main/AndroidManifest.xml:83:5-77
88-->src/main/AndroidManifest.xml:83:22-74
89    <!-- Vibration for haptic feedback on agent responses -->
90    <uses-permission android:name="android.permission.VIBRATE" />
90-->src/main/AndroidManifest.xml:85:5-66
90-->src/main/AndroidManifest.xml:85:22-63
91
92    <!-- ── Background Services ─────────────────────────────────────── -->
93    <!-- Persistent gateway service for agent readiness -->
94    <uses-permission android:name="android.permission.FOREGROUND_SERVICE" />
94-->src/main/AndroidManifest.xml:89:5-77
94-->src/main/AndroidManifest.xml:89:22-74
95    <uses-permission android:name="android.permission.FOREGROUND_SERVICE_DATA_SYNC" />
95-->src/main/AndroidManifest.xml:90:5-87
95-->src/main/AndroidManifest.xml:90:22-84
96    <!-- Wake lock to keep processing during brief background periods -->
97    <uses-permission android:name="android.permission.WAKE_LOCK" />
97-->src/main/AndroidManifest.xml:92:5-68
97-->src/main/AndroidManifest.xml:92:22-65
98
99    <!-- ── Boot ────────────────────────────────────────────────────── -->
100    <!-- Restart background service after device reboot -->
101    <uses-permission android:name="android.permission.RECEIVE_BOOT_COMPLETED" />
101-->src/main/AndroidManifest.xml:96:5-81
101-->src/main/AndroidManifest.xml:96:22-78
102
103    <!-- ── Hardware Features (Optional) ────────────────────────────── -->
104    <!-- Declare as 'false' so non-microphone devices can still install -->
105    <uses-feature
105-->src/main/AndroidManifest.xml:100:5-89
106        android:name="android.hardware.microphone"
106-->src/main/AndroidManifest.xml:100:19-61
107        android:required="false" />
107-->src/main/AndroidManifest.xml:100:62-86
108    <uses-feature
108-->src/main/AndroidManifest.xml:101:5-83
109        android:name="android.hardware.wifi"
109-->src/main/AndroidManifest.xml:101:19-55
110        android:required="false" />
110-->src/main/AndroidManifest.xml:101:56-80
111
112    <permission
112-->[androidx.core:core:1.15.0] AndroidManifest.xml:22:5-24:47
113        android:name="com.nousresearch.hermes.agent.DYNAMIC_RECEIVER_NOT_EXPORTED_PERMISSION"
113-->[androidx.core:core:1.15.0] AndroidManifest.xml:23:9-81
114        android:protectionLevel="signature" />
114-->[androidx.core:core:1.15.0] AndroidManifest.xml:24:9-44
115
116    <uses-permission android:name="com.nousresearch.hermes.agent.DYNAMIC_RECEIVER_NOT_EXPORTED_PERMISSION" />
116-->[androidx.core:core:1.15.0] AndroidManifest.xml:26:5-97
116-->[androidx.core:core:1.15.0] AndroidManifest.xml:26:22-94
117
118    <application
118-->src/main/AndroidManifest.xml:103:5-160:19
119        android:name="com.nousresearch.hermes.agent.HermesApplication"
119-->src/main/AndroidManifest.xml:104:9-42
120        android:allowBackup="false"
120-->src/main/AndroidManifest.xml:105:9-36
121        android:appComponentFactory="androidx.core.app.CoreComponentFactory"
121-->[androidx.core:core:1.15.0] AndroidManifest.xml:28:18-86
122        android:dataExtractionRules="@xml/data_extraction_rules"
122-->src/main/AndroidManifest.xml:106:9-65
123        android:debuggable="true"
124        android:extractNativeLibs="false"
125        android:fullBackupContent="false"
125-->src/main/AndroidManifest.xml:107:9-42
126        android:icon="@mipmap/ic_launcher"
126-->src/main/AndroidManifest.xml:108:9-43
127        android:label="@string/app_name"
127-->src/main/AndroidManifest.xml:109:9-41
128        android:networkSecurityConfig="@xml/network_security_config"
128-->src/main/AndroidManifest.xml:110:9-69
129        android:supportsRtl="true"
129-->src/main/AndroidManifest.xml:111:9-35
130        android:theme="@style/Theme.HermesAgent" >
130-->src/main/AndroidManifest.xml:112:9-49
131
132        <!-- ── Hermes Agent Gateway Service ────────────────────────── -->
133        <!-- Runs the Python backend and WebSocket gateway in a -->
134        <!-- foreground service to maintain persistent agent state. -->
135        <!-- Uses FOREGROUND_SERVICE_DATA_SYNC type (Android 14+). -->
136        <service
136-->src/main/AndroidManifest.xml:119:9-123:44
137            android:name="com.nousresearch.hermes.agent.service.HermesGatewayService"
137-->src/main/AndroidManifest.xml:120:13-57
138            android:exported="false"
138-->src/main/AndroidManifest.xml:121:13-37
139            android:foregroundServiceType="dataSync"
139-->src/main/AndroidManifest.xml:122:13-53
140            android:stopWithTask="false" />
140-->src/main/AndroidManifest.xml:123:13-41
141
142        <!-- ── Boot Receiver ───────────────────────────────────────── -->
143        <!-- Restarts the gateway service after device reboot. -->
144        <receiver
144-->src/main/AndroidManifest.xml:127:9-133:20
145            android:name="com.nousresearch.hermes.agent.service.BootReceiver"
145-->src/main/AndroidManifest.xml:128:13-49
146            android:exported="true" >
146-->src/main/AndroidManifest.xml:129:13-36
147            <intent-filter>
147-->src/main/AndroidManifest.xml:130:13-132:29
148                <action android:name="android.intent.action.BOOT_COMPLETED" />
148-->src/main/AndroidManifest.xml:131:17-79
148-->src/main/AndroidManifest.xml:131:25-76
149            </intent-filter>
150        </receiver>
151
152        <!-- ── Main Activity ───────────────────────────────────────── -->
153        <!-- The Hermes Agent chat surface — a Jetpack Compose activity -->
154        <activity
154-->src/main/AndroidManifest.xml:137:9-158:20
155            android:name="com.nousresearch.hermes.agent.MainActivity"
155-->src/main/AndroidManifest.xml:138:13-41
156            android:exported="true"
156-->src/main/AndroidManifest.xml:139:13-36
157            android:launchMode="singleTask"
157-->src/main/AndroidManifest.xml:140:13-44
158            android:resizeableActivity="true"
158-->src/main/AndroidManifest.xml:141:13-46
159            android:theme="@style/Theme.HermesAgent"
159-->src/main/AndroidManifest.xml:143:13-53
160            android:windowSoftInputMode="adjustResize" >
160-->src/main/AndroidManifest.xml:142:13-55
161            <intent-filter>
161-->src/main/AndroidManifest.xml:144:13-147:29
162                <action android:name="android.intent.action.MAIN" />
162-->src/main/AndroidManifest.xml:145:17-69
162-->src/main/AndroidManifest.xml:145:25-66
163
164                <category android:name="android.intent.category.LAUNCHER" />
164-->src/main/AndroidManifest.xml:146:17-77
164-->src/main/AndroidManifest.xml:146:27-74
165            </intent-filter>
166
167            <!-- Deep link: hermes-agent://chat -->
168            <intent-filter>
168-->src/main/AndroidManifest.xml:150:13-157:29
169                <action android:name="android.intent.action.VIEW" />
169-->src/main/AndroidManifest.xml:151:17-69
169-->src/main/AndroidManifest.xml:151:25-66
170
171                <category android:name="android.intent.category.DEFAULT" />
171-->src/main/AndroidManifest.xml:152:17-76
171-->src/main/AndroidManifest.xml:152:27-73
172                <category android:name="android.intent.category.BROWSABLE" />
172-->src/main/AndroidManifest.xml:153:17-78
172-->src/main/AndroidManifest.xml:153:27-75
173
174                <data
174-->src/main/AndroidManifest.xml:154:17-156:53
175                    android:host="chat"
175-->src/main/AndroidManifest.xml:155:21-40
176                    android:scheme="hermes-agent" />
176-->src/main/AndroidManifest.xml:156:21-50
177            </intent-filter>
178        </activity>
179        <activity
179-->[androidx.compose.ui:ui-tooling-android:1.7.8] AndroidManifest.xml:23:9-25:39
180            android:name="androidx.compose.ui.tooling.PreviewActivity"
180-->[androidx.compose.ui:ui-tooling-android:1.7.8] AndroidManifest.xml:24:13-71
181            android:exported="true" />
181-->[androidx.compose.ui:ui-tooling-android:1.7.8] AndroidManifest.xml:25:13-36
182        <activity
182-->[androidx.compose.ui:ui-test-manifest:1.7.8] AndroidManifest.xml:23:9-25:39
183            android:name="androidx.activity.ComponentActivity"
183-->[androidx.compose.ui:ui-test-manifest:1.7.8] AndroidManifest.xml:24:13-63
184            android:exported="true" />
184-->[androidx.compose.ui:ui-test-manifest:1.7.8] AndroidManifest.xml:25:13-36
185
186        <service
186-->[androidx.camera:camera-camera2:1.4.2] AndroidManifest.xml:24:9-33:19
187            android:name="androidx.camera.core.impl.MetadataHolderService"
187-->[androidx.camera:camera-camera2:1.4.2] AndroidManifest.xml:25:13-75
188            android:enabled="false"
188-->[androidx.camera:camera-camera2:1.4.2] AndroidManifest.xml:26:13-36
189            android:exported="false" >
189-->[androidx.camera:camera-camera2:1.4.2] AndroidManifest.xml:27:13-37
190            <meta-data
190-->[androidx.camera:camera-camera2:1.4.2] AndroidManifest.xml:30:13-32:89
191                android:name="androidx.camera.core.impl.MetadataHolderService.DEFAULT_CONFIG_PROVIDER"
191-->[androidx.camera:camera-camera2:1.4.2] AndroidManifest.xml:31:17-103
192                android:value="androidx.camera.camera2.Camera2Config$DefaultProvider" />
192-->[androidx.camera:camera-camera2:1.4.2] AndroidManifest.xml:32:17-86
193        </service>
194
195        <provider
195-->[androidx.work:work-runtime:2.10.0] AndroidManifest.xml:29:9-37:20
196            android:name="androidx.startup.InitializationProvider"
196-->[androidx.work:work-runtime:2.10.0] AndroidManifest.xml:30:13-67
197            android:authorities="com.nousresearch.hermes.agent.androidx-startup"
197-->[androidx.work:work-runtime:2.10.0] AndroidManifest.xml:31:13-68
198            android:exported="false" >
198-->[androidx.work:work-runtime:2.10.0] AndroidManifest.xml:32:13-37
199            <meta-data
199-->[androidx.work:work-runtime:2.10.0] AndroidManifest.xml:34:13-36:52
200                android:name="androidx.work.WorkManagerInitializer"
200-->[androidx.work:work-runtime:2.10.0] AndroidManifest.xml:35:17-68
201                android:value="androidx.startup" />
201-->[androidx.work:work-runtime:2.10.0] AndroidManifest.xml:36:17-49
202            <meta-data
202-->[androidx.emoji2:emoji2:1.3.0] AndroidManifest.xml:29:13-31:52
203                android:name="androidx.emoji2.text.EmojiCompatInitializer"
203-->[androidx.emoji2:emoji2:1.3.0] AndroidManifest.xml:30:17-75
204                android:value="androidx.startup" />
204-->[androidx.emoji2:emoji2:1.3.0] AndroidManifest.xml:31:17-49
205            <meta-data
205-->[androidx.lifecycle:lifecycle-process:2.8.7] AndroidManifest.xml:29:13-31:52
206                android:name="androidx.lifecycle.ProcessLifecycleInitializer"
206-->[androidx.lifecycle:lifecycle-process:2.8.7] AndroidManifest.xml:30:17-78
207                android:value="androidx.startup" />
207-->[androidx.lifecycle:lifecycle-process:2.8.7] AndroidManifest.xml:31:17-49
208            <meta-data
208-->[androidx.profileinstaller:profileinstaller:1.4.0] AndroidManifest.xml:29:13-31:52
209                android:name="androidx.profileinstaller.ProfileInstallerInitializer"
209-->[androidx.profileinstaller:profileinstaller:1.4.0] AndroidManifest.xml:30:17-85
210                android:value="androidx.startup" />
210-->[androidx.profileinstaller:profileinstaller:1.4.0] AndroidManifest.xml:31:17-49
211        </provider>
212
213        <service
213-->[androidx.work:work-runtime:2.10.0] AndroidManifest.xml:39:9-45:35
214            android:name="androidx.work.impl.background.systemalarm.SystemAlarmService"
214-->[androidx.work:work-runtime:2.10.0] AndroidManifest.xml:40:13-88
215            android:directBootAware="false"
215-->[androidx.work:work-runtime:2.10.0] AndroidManifest.xml:41:13-44
216            android:enabled="@bool/enable_system_alarm_service_default"
216-->[androidx.work:work-runtime:2.10.0] AndroidManifest.xml:42:13-72
217            android:exported="false" />
217-->[androidx.work:work-runtime:2.10.0] AndroidManifest.xml:43:13-37
218        <service
218-->[androidx.work:work-runtime:2.10.0] AndroidManifest.xml:46:9-52:35
219            android:name="androidx.work.impl.background.systemjob.SystemJobService"
219-->[androidx.work:work-runtime:2.10.0] AndroidManifest.xml:47:13-84
220            android:directBootAware="false"
220-->[androidx.work:work-runtime:2.10.0] AndroidManifest.xml:48:13-44
221            android:enabled="@bool/enable_system_job_service_default"
221-->[androidx.work:work-runtime:2.10.0] AndroidManifest.xml:49:13-70
222            android:exported="true"
222-->[androidx.work:work-runtime:2.10.0] AndroidManifest.xml:50:13-36
223            android:permission="android.permission.BIND_JOB_SERVICE" />
223-->[androidx.work:work-runtime:2.10.0] AndroidManifest.xml:51:13-69
224        <service
224-->[androidx.work:work-runtime:2.10.0] AndroidManifest.xml:53:9-59:35
225            android:name="androidx.work.impl.foreground.SystemForegroundService"
225-->[androidx.work:work-runtime:2.10.0] AndroidManifest.xml:54:13-81
226            android:directBootAware="false"
226-->[androidx.work:work-runtime:2.10.0] AndroidManifest.xml:55:13-44
227            android:enabled="@bool/enable_system_foreground_service_default"
227-->[androidx.work:work-runtime:2.10.0] AndroidManifest.xml:56:13-77
228            android:exported="false" />
228-->[androidx.work:work-runtime:2.10.0] AndroidManifest.xml:57:13-37
229
230        <receiver
230-->[androidx.work:work-runtime:2.10.0] AndroidManifest.xml:61:9-66:35
231            android:name="androidx.work.impl.utils.ForceStopRunnable$BroadcastReceiver"
231-->[androidx.work:work-runtime:2.10.0] AndroidManifest.xml:62:13-88
232            android:directBootAware="false"
232-->[androidx.work:work-runtime:2.10.0] AndroidManifest.xml:63:13-44
233            android:enabled="true"
233-->[androidx.work:work-runtime:2.10.0] AndroidManifest.xml:64:13-35
234            android:exported="false" />
234-->[androidx.work:work-runtime:2.10.0] AndroidManifest.xml:65:13-37
235        <receiver
235-->[androidx.work:work-runtime:2.10.0] AndroidManifest.xml:67:9-77:20
236            android:name="androidx.work.impl.background.systemalarm.ConstraintProxy$BatteryChargingProxy"
236-->[androidx.work:work-runtime:2.10.0] AndroidManifest.xml:68:13-106
237            android:directBootAware="false"
237-->[androidx.work:work-runtime:2.10.0] AndroidManifest.xml:69:13-44
238            android:enabled="false"
238-->[androidx.work:work-runtime:2.10.0] AndroidManifest.xml:70:13-36
239            android:exported="false" >
239-->[androidx.work:work-runtime:2.10.0] AndroidManifest.xml:71:13-37
240            <intent-filter>
240-->[androidx.work:work-runtime:2.10.0] AndroidManifest.xml:73:13-76:29
241                <action android:name="android.intent.action.ACTION_POWER_CONNECTED" />
241-->[androidx.work:work-runtime:2.10.0] AndroidManifest.xml:74:17-87
241-->[androidx.work:work-runtime:2.10.0] AndroidManifest.xml:74:25-84
242                <action android:name="android.intent.action.ACTION_POWER_DISCONNECTED" />
242-->[androidx.work:work-runtime:2.10.0] AndroidManifest.xml:75:17-90
242-->[androidx.work:work-runtime:2.10.0] AndroidManifest.xml:75:25-87
243            </intent-filter>
244        </receiver>
245        <receiver
245-->[androidx.work:work-runtime:2.10.0] AndroidManifest.xml:78:9-88:20
246            android:name="androidx.work.impl.background.systemalarm.ConstraintProxy$BatteryNotLowProxy"
246-->[androidx.work:work-runtime:2.10.0] AndroidManifest.xml:79:13-104
247            android:directBootAware="false"
247-->[androidx.work:work-runtime:2.10.0] AndroidManifest.xml:80:13-44
248            android:enabled="false"
248-->[androidx.work:work-runtime:2.10.0] AndroidManifest.xml:81:13-36
249            android:exported="false" >
249-->[androidx.work:work-runtime:2.10.0] AndroidManifest.xml:82:13-37
250            <intent-filter>
250-->[androidx.work:work-runtime:2.10.0] AndroidManifest.xml:84:13-87:29
251                <action android:name="android.intent.action.BATTERY_OKAY" />
251-->[androidx.work:work-runtime:2.10.0] AndroidManifest.xml:85:17-77
251-->[androidx.work:work-runtime:2.10.0] AndroidManifest.xml:85:25-74
252                <action android:name="android.intent.action.BATTERY_LOW" />
252-->[androidx.work:work-runtime:2.10.0] AndroidManifest.xml:86:17-76
252-->[androidx.work:work-runtime:2.10.0] AndroidManifest.xml:86:25-73
253            </intent-filter>
254        </receiver>
255        <receiver
255-->[androidx.work:work-runtime:2.10.0] AndroidManifest.xml:89:9-99:20
256            android:name="androidx.work.impl.background.systemalarm.ConstraintProxy$StorageNotLowProxy"
256-->[androidx.work:work-runtime:2.10.0] AndroidManifest.xml:90:13-104
257            android:directBootAware="false"
257-->[androidx.work:work-runtime:2.10.0] AndroidManifest.xml:91:13-44
258            android:enabled="false"
258-->[androidx.work:work-runtime:2.10.0] AndroidManifest.xml:92:13-36
259            android:exported="false" >
259-->[androidx.work:work-runtime:2.10.0] AndroidManifest.xml:93:13-37
260            <intent-filter>
260-->[androidx.work:work-runtime:2.10.0] AndroidManifest.xml:95:13-98:29
261                <action android:name="android.intent.action.DEVICE_STORAGE_LOW" />
261-->[androidx.work:work-runtime:2.10.0] AndroidManifest.xml:96:17-83
261-->[androidx.work:work-runtime:2.10.0] AndroidManifest.xml:96:25-80
262                <action android:name="android.intent.action.DEVICE_STORAGE_OK" />
262-->[androidx.work:work-runtime:2.10.0] AndroidManifest.xml:97:17-82
262-->[androidx.work:work-runtime:2.10.0] AndroidManifest.xml:97:25-79
263            </intent-filter>
264        </receiver>
265        <receiver
265-->[androidx.work:work-runtime:2.10.0] AndroidManifest.xml:100:9-109:20
266            android:name="androidx.work.impl.background.systemalarm.ConstraintProxy$NetworkStateProxy"
266-->[androidx.work:work-runtime:2.10.0] AndroidManifest.xml:101:13-103
267            android:directBootAware="false"
267-->[androidx.work:work-runtime:2.10.0] AndroidManifest.xml:102:13-44
268            android:enabled="false"
268-->[androidx.work:work-runtime:2.10.0] AndroidManifest.xml:103:13-36
269            android:exported="false" >
269-->[androidx.work:work-runtime:2.10.0] AndroidManifest.xml:104:13-37
270            <intent-filter>
270-->[androidx.work:work-runtime:2.10.0] AndroidManifest.xml:106:13-108:29
271                <action android:name="android.net.conn.CONNECTIVITY_CHANGE" />
271-->[androidx.work:work-runtime:2.10.0] AndroidManifest.xml:107:17-79
271-->[androidx.work:work-runtime:2.10.0] AndroidManifest.xml:107:25-76
272            </intent-filter>
273        </receiver>
274        <receiver
274-->[androidx.work:work-runtime:2.10.0] AndroidManifest.xml:110:9-121:20
275            android:name="androidx.work.impl.background.systemalarm.RescheduleReceiver"
275-->[androidx.work:work-runtime:2.10.0] AndroidManifest.xml:111:13-88
276            android:directBootAware="false"
276-->[androidx.work:work-runtime:2.10.0] AndroidManifest.xml:112:13-44
277            android:enabled="false"
277-->[androidx.work:work-runtime:2.10.0] AndroidManifest.xml:113:13-36
278            android:exported="false" >
278-->[androidx.work:work-runtime:2.10.0] AndroidManifest.xml:114:13-37
279            <intent-filter>
279-->[androidx.work:work-runtime:2.10.0] AndroidManifest.xml:116:13-120:29
280                <action android:name="android.intent.action.BOOT_COMPLETED" />
280-->src/main/AndroidManifest.xml:131:17-79
280-->src/main/AndroidManifest.xml:131:25-76
281                <action android:name="android.intent.action.TIME_SET" />
281-->[androidx.work:work-runtime:2.10.0] AndroidManifest.xml:118:17-73
281-->[androidx.work:work-runtime:2.10.0] AndroidManifest.xml:118:25-70
282                <action android:name="android.intent.action.TIMEZONE_CHANGED" />
282-->[androidx.work:work-runtime:2.10.0] AndroidManifest.xml:119:17-81
282-->[androidx.work:work-runtime:2.10.0] AndroidManifest.xml:119:25-78
283            </intent-filter>
284        </receiver>
285        <receiver
285-->[androidx.work:work-runtime:2.10.0] AndroidManifest.xml:122:9-131:20
286            android:name="androidx.work.impl.background.systemalarm.ConstraintProxyUpdateReceiver"
286-->[androidx.work:work-runtime:2.10.0] AndroidManifest.xml:123:13-99
287            android:directBootAware="false"
287-->[androidx.work:work-runtime:2.10.0] AndroidManifest.xml:124:13-44
288            android:enabled="@bool/enable_system_alarm_service_default"
288-->[androidx.work:work-runtime:2.10.0] AndroidManifest.xml:125:13-72
289            android:exported="false" >
289-->[androidx.work:work-runtime:2.10.0] AndroidManifest.xml:126:13-37
290            <intent-filter>
290-->[androidx.work:work-runtime:2.10.0] AndroidManifest.xml:128:13-130:29
291                <action android:name="androidx.work.impl.background.systemalarm.UpdateProxies" />
291-->[androidx.work:work-runtime:2.10.0] AndroidManifest.xml:129:17-98
291-->[androidx.work:work-runtime:2.10.0] AndroidManifest.xml:129:25-95
292            </intent-filter>
293        </receiver>
294        <receiver
294-->[androidx.work:work-runtime:2.10.0] AndroidManifest.xml:132:9-142:20
295            android:name="androidx.work.impl.diagnostics.DiagnosticsReceiver"
295-->[androidx.work:work-runtime:2.10.0] AndroidManifest.xml:133:13-78
296            android:directBootAware="false"
296-->[androidx.work:work-runtime:2.10.0] AndroidManifest.xml:134:13-44
297            android:enabled="true"
297-->[androidx.work:work-runtime:2.10.0] AndroidManifest.xml:135:13-35
298            android:exported="true"
298-->[androidx.work:work-runtime:2.10.0] AndroidManifest.xml:136:13-36
299            android:permission="android.permission.DUMP" >
299-->[androidx.work:work-runtime:2.10.0] AndroidManifest.xml:137:13-57
300            <intent-filter>
300-->[androidx.work:work-runtime:2.10.0] AndroidManifest.xml:139:13-141:29
301                <action android:name="androidx.work.diagnostics.REQUEST_DIAGNOSTICS" />
301-->[androidx.work:work-runtime:2.10.0] AndroidManifest.xml:140:17-88
301-->[androidx.work:work-runtime:2.10.0] AndroidManifest.xml:140:25-85
302            </intent-filter>
303        </receiver>
304
305        <activity
305-->[com.google.android.gms:play-services-base:18.5.0] AndroidManifest.xml:5:9-173
306            android:name="com.google.android.gms.common.api.GoogleApiActivity"
306-->[com.google.android.gms:play-services-base:18.5.0] AndroidManifest.xml:5:19-85
307            android:exported="false"
307-->[com.google.android.gms:play-services-base:18.5.0] AndroidManifest.xml:5:146-170
308            android:theme="@android:style/Theme.Translucent.NoTitleBar" />
308-->[com.google.android.gms:play-services-base:18.5.0] AndroidManifest.xml:5:86-145
309
310        <meta-data
310-->[com.google.android.gms:play-services-basement:18.4.0] AndroidManifest.xml:6:9-122
311            android:name="com.google.android.gms.version"
311-->[com.google.android.gms:play-services-basement:18.4.0] AndroidManifest.xml:6:20-65
312            android:value="@integer/google_play_services_version" />
312-->[com.google.android.gms:play-services-basement:18.4.0] AndroidManifest.xml:6:66-119
313
314        <service
314-->[androidx.room:room-runtime-android:2.7.1] AndroidManifest.xml:24:9-28:63